appending output to nohup.out
DEBUG[05-30|12:18:12.428] Sanitizing Go's GC trigger               percent=100
INFO [05-30|12:18:12.684] Maximum peer count                       ETH=25 LES=0 total=25
DEBUG[05-30|12:18:12.696] FS scan times                            list=114.892µs set=6.851µs diff=5.21µs
TRACE[05-30|12:18:12.697] Started watching keystore folder         path=/Users/denny/Desktop/Fubon/example/qdata/dd2/keystore
TRACE[05-30|12:18:12.700] Handled keystore changes                 time=559.31µs
INFO [05-30|12:18:12.733] Starting peer-to-peer node               instance=Geth/v1.8.18-stable-124864e4(quorum-v2.2.1)/darwin-amd64/go1.11.5
INFO [05-30|12:18:12.733] Allocated cache and file handles         database=/Users/denny/Desktop/Fubon/example/qdata/dd2/geth/chaindata cache=768 handles=4611686018427387903
INFO [05-30|12:18:12.761] Initialised chain configuration          config="{ChainID: 10 Homestead: 0 DAO: <nil> DAOSupport: false EIP150: 1 EIP155: 0 EIP158: 1 Byzantium: 1 IsQuorum: true Constantinople: <nil> Engine: unknown}"
WARN [05-30|12:18:12.762] Ethash used in full fake mode 
INFO [05-30|12:18:12.762] Initialising Ethereum protocol           versions="[63 62]" network=10
INFO [05-30|12:18:12.763] Loaded most recent local header          number=0 hash=6a6605…6243a2 td=0 age=50y1mo2w
INFO [05-30|12:18:12.763] Loaded most recent local full block      number=0 hash=6a6605…6243a2 td=0 age=50y1mo2w
INFO [05-30|12:18:12.763] Loaded most recent local fast block      number=0 hash=6a6605…6243a2 td=0 age=50y1mo2w
DEBUG[05-30|12:18:12.763] Reinjecting stale transactions           count=0
INFO [05-30|12:18:12.763] Regenerated local transaction journal    transactions=0 accounts=0
DEBUG[05-30|12:18:12.788] Recalculated downloader QoS values       rtt=20s confidence=1.000 ttl=1m0s
INFO [05-30|12:18:13.367] starting raft protocol handler 
INFO [05-30|12:18:13.367] loaded the latest applied index          lastAppliedIndex=0
INFO [05-30|12:18:13.367] replaying WAL 
DEBUG[05-30|12:18:13.370] TCP listener up                          addr=[::]:21001
INFO [05-30|12:18:13.371] New local node record                    seq=1 id=995dbe18829f1aff ip=127.0.0.1 udp=0 tcp=21001
INFO [05-30|12:18:13.371] Started P2P networking                   self="enode://0ba6b9f606a43a95edc6247cdb1c1e105145817be7bcafd6b2c0ba15d58145f0dc1a194f70ba73cd6f4cdd6864edc7687f311254c7555cc32e4d45aeb1b80416@127.0.0.1:21001?discport=0"
WARN [05-30|12:18:13.371] Removing static dial candidate           id=0x44d9af0        addr=127.0.0.1:21001 err="is self"
TRACE[05-30|12:18:13.371] New dial task                            task="staticdial 7577115fd9184a27 127.0.0.1:21000"
TRACE[05-30|12:18:13.371] New dial task                            task="staticdial c39143f98d04e97b 127.0.0.1:21002"
TRACE[05-30|12:18:13.371] New dial task                            task="staticdial c75f7dcb9fd6063f 127.0.0.1:21003"
TRACE[05-30|12:18:13.425] Quorum permissioning                     id=c39143f98d04e97b addr=127.0.0.1:21002 conn=staticdial EnableNodePermission=true DataDir=/Users/denny/Desktop/Fubon/example/qdata/dd2 Current Node ID=995dbe18829f1affb75402e66571d97f340c8495b661a823f2c2145ca47d63c2 Node Name=Geth/v1.8.18-stable-124864e4(quorum-v2.2.1)/darwin-amd64/go1.11.5 Dialed Dest="enode://579f786d4e2830bbcc02815a27e8a9bacccc9605df4dc6f20bcc1a6eb391e7225fff7cb83e5b4ecd1f3a94d8b733803f2f66b7e871961e7b029e22c155c3a778@127.0.0.1:21002?discport=0&raftport=50403" Connection ID=c39143f98d04e97b Connection String=c39143f98d04e97bd9e31ac1e36cbeb565b061217930767886474e3cde903ac5
TRACE[05-30|12:18:13.793] Node Permissioning is Enabled.           id=c39143f98d04e97b addr=127.0.0.1:21002 conn=staticdial
TRACE[05-30|12:18:13.426] Quorum permissioning                     id=c75f7dcb9fd6063f addr=127.0.0.1:21003 conn=staticdial EnableNodePermission=true DataDir=/Users/denny/Desktop/Fubon/example/qdata/dd2 Current Node ID=995dbe18829f1affb75402e66571d97f340c8495b661a823f2c2145ca47d63c2 Node Name=Geth/v1.8.18-stable-124864e4(quorum-v2.2.1)/darwin-amd64/go1.11.5 Dialed Dest="enode://3d9ca5956b38557aba991e31cf510d4df641dce9cc26bfeb7de082f0c07abb6ede3a58410c8f249dabeecee4ad3979929ac4c7c496ad20b8cfdd061b7401b4f5@127.0.0.1:21003?discport=0&raftport=50404" Connection ID=c75f7dcb9fd6063f Connection String=c75f7dcb9fd6063f0ada0998f512a992f3fb749857d758ffda1330e590fa915e
TRACE[05-30|12:18:13.798] Node Permissioning                       Connection Direction=OUTGOING
TRACE[05-30|12:18:13.799] Node Permissioning is Enabled.           id=c75f7dcb9fd6063f addr=127.0.0.1:21003 conn=staticdial
DEBUG[05-30|12:18:13.802] parsePermissionedNodes                   DataDir=/Users/denny/Desktop/Fubon/example/qdata/dd2 file=permissioned-nodes.json
TRACE[05-30|12:18:13.806] Node Permissioning                       Connection Direction=OUTGOING
DEBUG[05-30|12:18:13.807] isNodePermissioned                       permissionedList="[7577115fd9184a27da527128d8dba507e85f116b1f7e231ca8525fc9008a6966 995dbe18829f1affb75402e66571d97f340c8495b661a823f2c2145ca47d63c2 c39143f98d04e97bd9e31ac1e36cbeb565b061217930767886474e3cde903ac5 c75f7dcb9fd6063f0ada0998f512a992f3fb749857d758ffda1330e590fa915e]"
DEBUG[05-30|12:18:13.808] isNodePermissioned                       connection=OUTGOING nodename=c39143f98d04e97bd9e31ac1e36cbeb5 ALLOWED-BY=995dbe18829f1affb75402e66571d97f
DEBUG[05-30|12:18:13.807] parsePermissionedNodes                   DataDir=/Users/denny/Desktop/Fubon/example/qdata/dd2 file=permissioned-nodes.json
DEBUG[05-30|12:18:13.810] isNodePermissioned                       permissionedList="[7577115fd9184a27da527128d8dba507e85f116b1f7e231ca8525fc9008a6966 995dbe18829f1affb75402e66571d97f340c8495b661a823f2c2145ca47d63c2 c39143f98d04e97bd9e31ac1e36cbeb565b061217930767886474e3cde903ac5 c75f7dcb9fd6063f0ada0998f512a992f3fb749857d758ffda1330e590fa915e]"
DEBUG[05-30|12:18:13.811] isNodePermissioned                       connection=OUTGOING nodename=c75f7dcb9fd6063f0ada0998f512a992 ALLOWED-BY=995dbe18829f1affb75402e66571d97f
DEBUG[05-30|12:18:13.811] Adding p2p peer                          name=Geth/v1.8.18-stable-... addr=127.0.0.1:21003 peers=1
TRACE[05-30|12:18:13.811] connection set up                        id=c75f7dcb9fd6063f addr=127.0.0.1:21003 conn=staticdial inbound=false
TRACE[05-30|12:18:13.811] Dial task done                           task="staticdial c75f7dcb9fd6063f 127.0.0.1:21003"
TRACE[05-30|12:18:13.811] Starting protocol eth/63                 id=c75f7dcb9fd6063f conn=staticdial
DEBUG[05-30|12:18:13.811] Ethereum peer connected                  id=c75f7dcb9fd6063f conn=staticdial name=Geth/v1.8.18-stable-124864e4(quorum-v2.2.1)/darwin-amd64/go1.11.5
TRACE[05-30|12:18:13.817] Quorum permissioning                     id=7577115fd9184a27 addr=127.0.0.1:21000 conn=staticdial EnableNodePermission=true DataDir=/Users/denny/Desktop/Fubon/example/qdata/dd2 Current Node ID=995dbe18829f1affb75402e66571d97f340c8495b661a823f2c2145ca47d63c2 Node Name=Geth/v1.8.18-stable-124864e4(quorum-v2.2.1)/darwin-amd64/go1.11.5 Dialed Dest="enode://ac6b1096ca56b9f6d004b779ae3728bf83f8e22453404cc3cef16a3d9b96608bc67c4b30db88e0a5a6c6390213f7acbe1153ff6d23ce57380104288ae19373ef@127.0.0.1:21000?discport=0&raftport=50401" Connection ID=7577115fd9184a27 Connection String=7577115fd9184a27da527128d8dba507e85f116b1f7e231ca8525fc9008a6966
TRACE[05-30|12:18:13.828] Node Permissioning is Enabled.           id=7577115fd9184a27 addr=127.0.0.1:21000 conn=staticdial
TRACE[05-30|12:18:13.828] Node Permissioning                       Connection Direction=OUTGOING
DEBUG[05-30|12:18:13.828] parsePermissionedNodes                   DataDir=/Users/denny/Desktop/Fubon/example/qdata/dd2 file=permissioned-nodes.json
DEBUG[05-30|12:18:13.829] isNodePermissioned                       permissionedList="[7577115fd9184a27da527128d8dba507e85f116b1f7e231ca8525fc9008a6966 995dbe18829f1affb75402e66571d97f340c8495b661a823f2c2145ca47d63c2 c39143f98d04e97bd9e31ac1e36cbeb565b061217930767886474e3cde903ac5 c75f7dcb9fd6063f0ada0998f512a992f3fb749857d758ffda1330e590fa915e]"
INFO [05-30|12:18:13.820] loading WAL                              term=0 index=0
DEBUG[05-30|12:18:13.834] isNodePermissioned                       connection=OUTGOING nodename=7577115fd9184a27da527128d8dba507 ALLOWED-BY=995dbe18829f1affb75402e66571d97f
DEBUG[05-30|12:18:13.852] Adding p2p peer                          name=Geth/v1.8.18-stable-...                                           addr=127.0.0.1:21000 peers=2
TRACE[05-30|12:18:13.843] Registering sync peer                    peer=c75f7dcb9fd6063f
TRACE[05-30|12:18:13.855] connection set up                        id=7577115fd9184a27 addr=127.0.0.1:21000 conn=staticdial inbound=false
TRACE[05-30|12:18:13.856] Starting protocol eth/63                 id=7577115fd9184a27 conn=staticdial
TRACE[05-30|12:18:13.872] Dial task done                           task="staticdial 7577115fd9184a27 127.0.0.1:21000"
DEBUG[05-30|12:18:13.872] Ethereum peer connected                  id=7577115fd9184a27 conn=staticdial name=Geth/v1.8.18-stable-124864e4(quorum-v2.2.1)/darwin-amd64/go1.11.5
TRACE[05-30|12:18:13.873] Registering sync peer                    peer=7577115fd9184a27
DEBUG[05-30|12:18:13.873] Relaxed downloader QoS values            rtt=20s confidence=0.500 ttl=1m0s
INFO [05-30|12:18:13.874] startRaft                                raft ID=2
INFO [05-30|12:18:13.877] starting a new raft log                  initial cluster size of=4
2019-05-30 12:18:13.877873 I | rafthttp: starting peer 1...
2019-05-30 12:18:13.882599 I | rafthttp: started HTTP pipelining with peer 1
TRACE[05-30|12:18:13.878] Adding static node                       node="enode://ac6b1096ca56b9f6d004b779ae3728bf83f8e22453404cc3cef16a3d9b96608bc67c4b30db88e0a5a6c6390213f7acbe1153ff6d23ce57380104288ae19373ef@127.0.0.1:0?discport=21000&raftport=50401"
2019-05-30 12:18:13.889924 I | rafthttp: started streaming with peer 1 (writer)
2019-05-30 12:18:13.894728 I | rafthttp: started streaming with peer 1 (writer)
2019-05-30 12:18:13.894931 I | rafthttp: started peer 1
2019-05-30 12:18:13.895065 I | rafthttp: added peer 1
TRACE[05-30|12:18:13.901] Adding static node                       node="enode://579f786d4e2830bbcc02815a27e8a9bacccc9605df4dc6f20bcc1a6eb391e7225fff7cb83e5b4ecd1f3a94d8b733803f2f66b7e871961e7b029e22c155c3a778@127.0.0.1:0?discport=21002&raftport=50403"
2019-05-30 12:18:13.902171 I | rafthttp: started streaming with peer 1 (stream Message reader)
2019-05-30 12:18:13.906458 I | rafthttp: started streaming with peer 1 (stream MsgApp v2 reader)
2019-05-30 12:18:13.906879 I | rafthttp: starting peer 3...
2019-05-30 12:18:13.906931 I | rafthttp: started HTTP pipelining with peer 3
2019-05-30 12:18:13.919214 I | rafthttp: started streaming with peer 3 (writer)
2019-05-30 12:18:13.920360 I | rafthttp: started streaming with peer 3 (writer)
2019-05-30 12:18:13.921967 I | rafthttp: started peer 3
2019-05-30 12:18:13.922001 I | rafthttp: added peer 3
2019-05-30 12:18:13.922259 I | rafthttp: starting peer 4...
2019-05-30 12:18:13.922371 I | rafthttp: started HTTP pipelining with peer 4
2019-05-30 12:18:13.923657 I | rafthttp: started streaming with peer 3 (stream MsgApp v2 reader)
2019-05-30 12:18:13.923698 I | rafthttp: peer 1 became active
2019-05-30 12:18:13.923715 I | rafthttp: established a TCP streaming connection with peer 1 (stream MsgApp v2 reader)
2019-05-30 12:18:13.924188 I | rafthttp: established a TCP streaming connection with peer 1 (stream Message reader)
TRACE[05-30|12:18:13.924] Adding static node                       node="enode://3d9ca5956b38557aba991e31cf510d4df641dce9cc26bfeb7de082f0c07abb6ede3a58410c8f249dabeecee4ad3979929ac4c7c496ad20b8cfdd061b7401b4f5@127.0.0.1:0?discport=21003&raftport=50404"
2019-05-30 12:18:13.924451 I | rafthttp: started streaming with peer 3 (stream Message reader)
2019-05-30 12:18:13.924958 I | rafthttp: started streaming with peer 4 (writer)
2019-05-30 12:18:13.925400 I | rafthttp: started streaming with peer 4 (writer)
2019-05-30 12:18:13.927354 I | rafthttp: started peer 4
2019-05-30 12:18:13.927397 I | rafthttp: added peer 4
raft2019/05/30 12:18:13 INFO: 2 became follower at term 0
raft2019/05/30 12:18:13 INFO: newRaft 2 [peers: [], term: 0, commit: 0, applied: 0, lastindex: 0, lastterm: 0]
raft2019/05/30 12:18:13 INFO: 2 became follower at term 1
2019-05-30 12:18:13.927576 I | rafthttp: started streaming with peer 4 (stream MsgApp v2 reader)
2019-05-30 12:18:13.927875 I | rafthttp: started streaming with peer 4 (stream Message reader)
DEBUG[05-30|12:18:13.927] InProc registered                        service=&{node:0xc000333b80} namespace=admin
DEBUG[05-30|12:18:13.928] InProc registered                        service=&{node:0xc000333b80} namespace=admin
DEBUG[05-30|12:18:13.928] InProc registered                        service="&{mu:{state:0 sema:0} cpuW:<nil> cpuFile: traceW:<nil> traceFile:}" namespace=debug
DEBUG[05-30|12:18:13.928] InProc registered                        service=&{node:0xc000333b80}                                                 namespace=debug
DEBUG[05-30|12:18:13.928] InProc registered                        service=&{stack:0xc000333b80}                                                namespace=web3
DEBUG[05-30|12:18:13.928] InProc registered                        service=&{b:0xc000239010}                                                    namespace=eth
DEBUG[05-30|12:18:13.928] InProc registered                        service=&{b:0xc000239010}                                                    namespace=eth
DEBUG[05-30|12:18:13.928] InProc registered                        service="&{b:0xc000239010 nonceLock:0xc000239a00}"                           namespace=eth
DEBUG[05-30|12:18:13.928] InProc registered                        service=&{b:0xc000239010}                                                    namespace=txpool
DEBUG[05-30|12:18:13.928] InProc registered                        service=&{b:0xc000239010}                                                    namespace=debug
DEBUG[05-30|12:18:13.928] InProc registered                        service=&{b:0xc000239010}                                                    namespace=debug
DEBUG[05-30|12:18:13.928] InProc registered                        service=&{am:0xc000095d40}                                                   namespace=eth
DEBUG[05-30|12:18:13.928] InProc registered                        service="&{am:0xc000095d40 nonceLock:0xc000239a00 b:0xc000239010}"           namespace=personal
DEBUG[05-30|12:18:13.928] InProc registered                        service=&{ethash:0xc0003ac700}                                               namespace=eth
DEBUG[05-30|12:18:13.929] InProc registered                        service=&{ethash:0xc0003ac700}                                               namespace=ethash
DEBUG[05-30|12:18:13.929] InProc registered                        service=&{e:0xc0003ac8c0}                                                    namespace=eth
DEBUG[05-30|12:18:13.929] InProc registered                        service=&{e:0xc0003ac8c0}                                                    namespace=eth
DEBUG[05-30|12:18:13.929] InProc registered                        service="&{d:0xc000346820 mux:0xc000404720 installSyncSubscription:0xc019c6a960 uninstallSyncSubscription:0xc019c6a9c0}" namespace=eth
DEBUG[05-30|12:18:13.929] InProc registered                        service=&{e:0xc0003ac8c0}                                                                                                namespace=miner
DEBUG[05-30|12:18:13.929] InProc registered                        service="&{backend:0xc000239010 mux:0xc000404720 quit:<nil> chainDb:0xc00031ac60 events:0xc000295540 filtersMu:{state:0 sema:0} filters:map[]}" namespace=eth
DEBUG[05-30|12:18:13.929] InProc registered                        service=&{eth:0xc0003ac8c0}                                                                                                                     namespace=admin
DEBUG[05-30|12:18:13.929] InProc registered                        service=&{eth:0xc0003ac8c0}                                                                                                                     namespace=debug
DEBUG[05-30|12:18:13.929] InProc registered                        service="&{config:0xc000294140 eth:0xc0003ac8c0}"                                                                                               namespace=debug
DEBUG[05-30|12:18:13.929] InProc registered                        service="&{net:0xc000220000 networkVersion:10}"                                                                                                 namespace=net
DEBUG[05-30|12:18:13.929] InProc registered                        service=&{raftService:0xc0002092d0}                                                                                                             namespace=raft
DEBUG[05-30|12:18:13.929] IPC registered                           namespace=admin
DEBUG[05-30|12:18:13.929] IPC registered                           namespace=admin
DEBUG[05-30|12:18:13.929] IPC registered                           namespace=debug
DEBUG[05-30|12:18:13.929] IPC registered                           namespace=debug
DEBUG[05-30|12:18:13.929] IPC registered                           namespace=web3
DEBUG[05-30|12:18:13.929] IPC registered                           namespace=eth
DEBUG[05-30|12:18:13.930] IPC registered                           namespace=eth
DEBUG[05-30|12:18:13.930] IPC registered                           namespace=eth
DEBUG[05-30|12:18:13.930] IPC registered                           namespace=txpool
DEBUG[05-30|12:18:13.930] IPC registered                           namespace=debug
DEBUG[05-30|12:18:13.930] IPC registered                           namespace=debug
DEBUG[05-30|12:18:13.930] IPC registered                           namespace=eth
DEBUG[05-30|12:18:13.930] IPC registered                           namespace=personal
DEBUG[05-30|12:18:13.930] IPC registered                           namespace=eth
DEBUG[05-30|12:18:13.930] IPC registered                           namespace=ethash
DEBUG[05-30|12:18:13.930] IPC registered                           namespace=eth
DEBUG[05-30|12:18:13.930] IPC registered                           namespace=eth
DEBUG[05-30|12:18:13.930] IPC registered                           namespace=eth
DEBUG[05-30|12:18:13.930] IPC registered                           namespace=miner
DEBUG[05-30|12:18:13.930] IPC registered                           namespace=eth
DEBUG[05-30|12:18:13.930] IPC registered                           namespace=admin
DEBUG[05-30|12:18:13.931] IPC registered                           namespace=debug
DEBUG[05-30|12:18:13.931] IPC registered                           namespace=debug
DEBUG[05-30|12:18:13.931] IPC registered                           namespace=net
DEBUG[05-30|12:18:13.931] IPC registered                           namespace=raft
INFO [05-30|12:18:13.936] IPC endpoint opened                      url=/Users/denny/Desktop/Fubon/example/qdata/dd2/geth.ipc
DEBUG[05-30|12:18:13.936] HTTP registered                          namespace=admin
DEBUG[05-30|12:18:13.936] HTTP registered                          namespace=admin
DEBUG[05-30|12:18:13.936] HTTP registered                          namespace=debug
DEBUG[05-30|12:18:13.936] HTTP registered                          namespace=debug
DEBUG[05-30|12:18:13.936] HTTP registered                          namespace=web3
DEBUG[05-30|12:18:13.936] HTTP registered                          namespace=eth
DEBUG[05-30|12:18:13.936] HTTP registered                          namespace=eth
DEBUG[05-30|12:18:13.936] HTTP registered                          namespace=eth
DEBUG[05-30|12:18:13.936] HTTP registered                          namespace=txpool
DEBUG[05-30|12:18:13.936] HTTP registered                          namespace=debug
DEBUG[05-30|12:18:13.937] HTTP registered                          namespace=debug
DEBUG[05-30|12:18:13.937] HTTP registered                          namespace=eth
DEBUG[05-30|12:18:13.937] HTTP registered                          namespace=personal
DEBUG[05-30|12:18:13.937] HTTP registered                          namespace=eth
DEBUG[05-30|12:18:13.937] HTTP registered                          namespace=eth
DEBUG[05-30|12:18:13.937] HTTP registered                          namespace=eth
DEBUG[05-30|12:18:13.937] HTTP registered                          namespace=eth
DEBUG[05-30|12:18:13.937] HTTP registered                          namespace=miner
DEBUG[05-30|12:18:13.937] HTTP registered                          namespace=eth
DEBUG[05-30|12:18:13.937] HTTP registered                          namespace=admin
DEBUG[05-30|12:18:13.937] HTTP registered                          namespace=debug
DEBUG[05-30|12:18:13.937] HTTP registered                          namespace=debug
DEBUG[05-30|12:18:13.937] HTTP registered                          namespace=net
DEBUG[05-30|12:18:13.937] HTTP registered                          namespace=raft
INFO [05-30|12:18:13.937] HTTP endpoint opened                     url=http://0.0.0.0:22001                                  cors= vhosts=localhost
WARN [05-30|12:18:13.937] ------------------------------------------------------------------- 
WARN [05-30|12:18:13.937] Referring to accounts by order in the keystore folder is dangerous! 
WARN [05-30|12:18:13.937] This functionality is deprecated and will be removed in the future! 
WARN [05-30|12:18:13.937] Please use explicit addresses! (can search via `geth account list`) 
WARN [05-30|12:18:13.937] ------------------------------------------------------------------- 
2019-05-30 12:18:13.961530 I | rafthttp: peer 4 became active
2019-05-30 12:18:14.694021 I | rafthttp: established a TCP streaming connection with peer 4 (stream Message reader)
2019-05-30 12:18:14.694312 I | rafthttp: established a TCP streaming connection with peer 4 (stream MsgApp v2 reader)
DEBUG[05-30|12:18:14.693] Adding p2p peer                          name=Geth/v1.8.18-stable-...                                           addr=127.0.0.1:21002 peers=3
TRACE[05-30|12:18:14.696] connection set up                        id=c39143f98d04e97b addr=127.0.0.1:21002 conn=staticdial inbound=false
TRACE[05-30|12:18:14.696] Dial task done                           task="staticdial c39143f98d04e97b 127.0.0.1:21002"
TRACE[05-30|12:18:14.697] New dial task                            task="wait for dial hist expire (29.114571941s)"
2019-05-30 12:18:14.697092 I | rafthttp: peer 3 became active
2019-05-30 12:18:14.697114 I | rafthttp: established a TCP streaming connection with peer 3 (stream Message reader)
2019-05-30 12:18:14.697147 I | rafthttp: established a TCP streaming connection with peer 3 (stream Message writer)
2019-05-30 12:18:14.697165 I | rafthttp: established a TCP streaming connection with peer 3 (stream MsgApp v2 writer)
2019-05-30 12:18:14.697187 I | rafthttp: established a TCP streaming connection with peer 3 (stream MsgApp v2 reader)
INFO [05-30|12:18:14.695] ignoring expected ConfChangeAddNode for initial peer raft id=1
INFO [05-30|12:18:14.697] start snapshot                           applied index=0 last snapshot index=0
2019-05-30 12:18:14.701613 I | rafthttp: established a TCP streaming connection with peer 4 (stream Message writer)
2019-05-30 12:18:14.704165 I | rafthttp: established a TCP streaming connection with peer 1 (stream Message writer)
2019-05-30 12:18:14.708250 I | rafthttp: established a TCP streaming connection with peer 4 (stream MsgApp v2 writer)
2019-05-30 12:18:14.708289 I | rafthttp: established a TCP streaming connection with peer 1 (stream MsgApp v2 writer)
TRACE[05-30|12:18:14.704] Starting protocol eth/63                 id=c39143f98d04e97b conn=staticdial
INFO [05-30|12:18:14.707] compacted log                            index=0
INFO [05-30|12:18:14.708] persisted the latest applied index       index=1
DEBUG[05-30|12:18:14.708] Ethereum peer connected                  id=c39143f98d04e97b conn=staticdial name=Geth/v1.8.18-stable-124864e4(quorum-v2.2.1)/darwin-amd64/go1.11.5
INFO [05-30|12:18:14.708] ignoring expected ConfChangeAddNode for initial peer raft id=2
INFO [05-30|12:18:14.708] start snapshot                           applied index=1 last snapshot index=1
TRACE[05-30|12:18:14.708] Registering sync peer                    peer=c39143f98d04e97b
DEBUG[05-30|12:18:14.708] Relaxed downloader QoS values            rtt=20s confidence=0.333 ttl=1m0s
INFO [05-30|12:18:14.716] compacted log                            index=1
INFO [05-30|12:18:14.717] persisted the latest applied index       index=2
INFO [05-30|12:18:14.717] ignoring expected ConfChangeAddNode for initial peer raft id=3
INFO [05-30|12:18:14.717] start snapshot                           applied index=2 last snapshot index=2
INFO [05-30|12:18:14.723] compacted log                            index=2
INFO [05-30|12:18:14.724] persisted the latest applied index       index=3
INFO [05-30|12:18:14.724] ignoring expected ConfChangeAddNode for initial peer raft id=4
INFO [05-30|12:18:14.724] start snapshot                           applied index=3 last snapshot index=3
INFO [05-30|12:18:14.733] compacted log                            index=3
INFO [05-30|12:18:14.734] persisted the latest applied index       index=4
raft2019/05/30 12:18:15 INFO: 2 [term: 1] received a MsgVote message with higher term from 1 [term: 2]
raft2019/05/30 12:18:15 INFO: 2 became follower at term 2
raft2019/05/30 12:18:15 INFO: 2 [logterm: 1, index: 4, vote: 0] cast MsgVote for 1 [logterm: 1, index: 4] at term 2
raft2019/05/30 12:18:15 INFO: raft.node: 2 elected leader 1 at term 2
INFO [05-30|12:18:15.144] QUORUM-CHECKPOINT                        name=BECAME-VERIFIER
INFO [05-30|12:18:15.152] persisted the latest applied index       index=5
DEBUG[05-30|12:18:15.472] Couldn't add port mapping                proto=tcp extport=21001 intport=21001 interface="UPnP or NAT-PMP" err="no UPnP or NAT-PMP router discovered"
INFO [05-30|12:18:17.292] Unlocked account                         address=0xcA843569e3427144cEad5e4d5999a3D0cCF92B8e
DEBUG[05-30|12:18:32.792] Recalculated downloader QoS values       rtt=20s confidence=0.667 ttl=1m0s
TRACE[05-30|12:18:43.815] Dial task done                           task="wait for dial hist expire (29.114571941s)"
TRACE[05-30|12:18:43.815] New dial task                            task="wait for dial hist expire (57.683665ms)"
TRACE[05-30|12:18:43.873] Dial task done                           task="wait for dial hist expire (57.683665ms)"
TRACE[05-30|12:18:43.873] New dial task                            task="wait for dial hist expire (823.704947ms)"
TRACE[05-30|12:18:44.697] Dial task done                           task="wait for dial hist expire (823.704947ms)"
DEBUG[05-30|12:18:52.793] Recalculated downloader QoS values       rtt=20s confidence=0.833 ttl=1m0s
DEBUG[05-30|12:19:12.793] Recalculated downloader QoS values       rtt=20s confidence=0.917 ttl=1m0s
INFO [05-30|12:19:30.607] Etherbase automatically configured       address=0xcA843569e3427144cEad5e4d5999a3D0cCF92B8e
DEBUG[05-30|12:19:32.794] Recalculated downloader QoS values       rtt=20s confidence=0.958 ttl=1m0s
DEBUG[05-30|12:19:52.794] Recalculated downloader QoS values       rtt=20s confidence=0.979 ttl=1m0s
DEBUG[05-30|12:20:12.795] Recalculated downloader QoS values       rtt=20s confidence=0.990 ttl=1m0s
DEBUG[05-30|12:20:32.795] Recalculated downloader QoS values       rtt=20s confidence=0.995 ttl=1m0s
DEBUG[05-30|12:20:52.795] Recalculated downloader QoS values       rtt=20s confidence=0.997 ttl=1m0s
DEBUG[05-30|12:21:12.796] Recalculated downloader QoS values       rtt=20s confidence=0.999 ttl=1m0s
DEBUG[05-30|12:21:32.796] Recalculated downloader QoS values       rtt=20s confidence=0.999 ttl=1m0s
DEBUG[05-30|12:21:52.798] Recalculated downloader QoS values       rtt=20s confidence=1.000 ttl=1m0s
DEBUG[05-30|12:22:12.801] Recalculated downloader QoS values       rtt=20s confidence=1.000 ttl=1m0s
DEBUG[05-30|12:22:32.801] Recalculated downloader QoS values       rtt=20s confidence=1.000 ttl=1m0s
DEBUG[05-30|12:22:52.804] Recalculated downloader QoS values       rtt=20s confidence=1.000 ttl=1m0s
DEBUG[05-30|12:23:12.806] Recalculated downloader QoS values       rtt=20s confidence=1.000 ttl=1m0s
DEBUG[05-30|12:23:32.807] Recalculated downloader QoS values       rtt=20s confidence=1.000 ttl=1m0s
DEBUG[05-30|12:23:52.808] Recalculated downloader QoS values       rtt=20s confidence=1.000 ttl=1m0s
DEBUG[05-30|12:24:12.810] Recalculated downloader QoS values       rtt=20s confidence=1.000 ttl=1m0s
DEBUG[05-30|12:24:32.810] Recalculated downloader QoS values       rtt=20s confidence=1.000 ttl=1m0s
DEBUG[05-30|12:24:52.816] Recalculated downloader QoS values       rtt=20s confidence=1.000 ttl=1m0s
DEBUG[05-30|12:25:12.818] Recalculated downloader QoS values       rtt=20s confidence=1.000 ttl=1m0s
DEBUG[05-30|12:25:32.822] Recalculated downloader QoS values       rtt=20s confidence=1.000 ttl=1m0s
DEBUG[05-30|12:25:52.826] Recalculated downloader QoS values       rtt=20s confidence=1.000 ttl=1m0s
DEBUG[05-30|12:26:12.830] Recalculated downloader QoS values       rtt=20s confidence=1.000 ttl=1m0s
DEBUG[05-30|12:26:32.835] Recalculated downloader QoS values       rtt=20s confidence=1.000 ttl=1m0s
DEBUG[05-30|12:26:52.839] Recalculated downloader QoS values       rtt=20s confidence=1.000 ttl=1m0s
DEBUG[05-30|12:27:12.839] Recalculated downloader QoS values       rtt=20s confidence=1.000 ttl=1m0s
DEBUG[05-30|12:27:32.841] Recalculated downloader QoS values       rtt=20s confidence=1.000 ttl=1m0s
DEBUG[05-30|12:27:52.842] Recalculated downloader QoS values       rtt=20s confidence=1.000 ttl=1m0s
DEBUG[05-30|12:28:12.844] Recalculated downloader QoS values       rtt=20s confidence=1.000 ttl=1m0s
DEBUG[05-30|12:28:32.846] Recalculated downloader QoS values       rtt=20s confidence=1.000 ttl=1m0s
DEBUG[05-30|12:28:52.850] Recalculated downloader QoS values       rtt=20s confidence=1.000 ttl=1m0s
DEBUG[05-30|12:29:12.851] Recalculated downloader QoS values       rtt=20s confidence=1.000 ttl=1m0s
